<?xml version="1.0" encoding="UTF-8"?>
<testng-results skipped="0" failed="0" total="1" passed="1">
  <reporter-output>
  </reporter-output>
  <suite name="Default suite" duration-ms="105472" started-at="2019-05-15T16:58:58Z" finished-at="2019-05-15T17:00:44Z">
    <groups>
    </groups>
    <test name="Default test" duration-ms="105472" started-at="2019-05-15T16:58:58Z" finished-at="2019-05-15T17:00:44Z">
      <class name="com.myassignment.test.AssignmentNaveen1">
        <test-method status="PASS" signature="setUp()[pri:0, instance:com.myassignment.test.AssignmentNaveen1@643b1d11]" name="setUp" is-config="true" duration-ms="6309" started-at="2019-05-15T22:28:59Z" finished-at="2019-05-15T22:29:05Z">
          <reporter-output>
          </reporter-output>
        </test-method> <!-- setUp -->
        <test-method status="PASS" signature="verifyPropertyDetails()[pri:0, instance:com.myassignment.test.AssignmentNaveen1@643b1d11]" name="verifyPropertyDetails" duration-ms="98014" started-at="2019-05-15T22:29:05Z" finished-at="2019-05-15T22:30:43Z">
          <reporter-output>
          </reporter-output>
        </test-method> <!-- verifyPropertyDetails -->
        <test-method status="PASS" signature="tearDown()[pri:0, instance:com.myassignment.test.AssignmentNaveen1@643b1d11]" name="tearDown" is-config="true" duration-ms="1107" started-at="2019-05-15T22:30:43Z" finished-at="2019-05-15T22:30:44Z">
          <reporter-output>
          </reporter-output>
        </test-method> <!-- tearDown -->
      </class> <!-- com.myassignment.test.AssignmentNaveen1 -->
    </test> <!-- Default test -->
  </suite> <!-- Default suite -->
</testng-results>
